c:\users\doguhan\desktop\3d_seminar_postprocessing\opengl\x64\debug\vc143.pdb
c:\users\doguhan\desktop\3d_seminar_postprocessing\opengl\x64\debug\vc143.idb
c:\users\doguhan\desktop\3d_seminar_postprocessing\opengl\x64\debug\stb_image.obj
c:\users\doguhan\desktop\3d_seminar_postprocessing\opengl\x64\debug\ssao.obj
c:\users\doguhan\desktop\3d_seminar_postprocessing\opengl\x64\debug\shader.obj
c:\users\doguhan\desktop\3d_seminar_postprocessing\opengl\x64\debug\postprocessing.obj
c:\users\doguhan\desktop\3d_seminar_postprocessing\opengl\x64\debug\bloom.obj
c:\users\doguhan\desktop\3d_seminar_postprocessing\opengl\x64\debug\application.obj
c:\users\doguhan\desktop\3d_seminar_postprocessing\opengl\x64\debug\imgui_widgets.obj
c:\users\doguhan\desktop\3d_seminar_postprocessing\opengl\x64\debug\imgui_tables.obj
c:\users\doguhan\desktop\3d_seminar_postprocessing\opengl\x64\debug\imgui_impl_opengl3.obj
c:\users\doguhan\desktop\3d_seminar_postprocessing\opengl\x64\debug\imgui_impl_glfw.obj
c:\users\doguhan\desktop\3d_seminar_postprocessing\opengl\x64\debug\imgui_draw.obj
c:\users\doguhan\desktop\3d_seminar_postprocessing\opengl\x64\debug\imgui_demo.obj
c:\users\doguhan\desktop\3d_seminar_postprocessing\opengl\x64\debug\imgui.obj
c:\users\doguhan\desktop\3d_seminar_postprocessing\opengl\x64\debug\glad.obj
c:\users\doguhan\desktop\3d_seminar_postprocessing\opengl\x64\debug\opengl.ilk
c:\users\doguhan\desktop\3d_seminar_postprocessing\opengl\x64\debug\opengl.exe
c:\users\doguhan\desktop\3d_seminar_postprocessing\opengl\x64\debug\opengl.pdb
c:\users\doguhan\desktop\3d_seminar_postprocessing\opengl\x64\debug\opengl.tlog\cl.command.1.tlog
c:\users\doguhan\desktop\3d_seminar_postprocessing\opengl\x64\debug\opengl.tlog\cl.items.tlog
c:\users\doguhan\desktop\3d_seminar_postprocessing\opengl\x64\debug\opengl.tlog\cl.read.1.tlog
c:\users\doguhan\desktop\3d_seminar_postprocessing\opengl\x64\debug\opengl.tlog\cl.write.1.tlog
c:\users\doguhan\desktop\3d_seminar_postprocessing\opengl\x64\debug\opengl.tlog\link.command.1.tlog
c:\users\doguhan\desktop\3d_seminar_postprocessing\opengl\x64\debug\opengl.tlog\link.read.1.tlog
c:\users\doguhan\desktop\3d_seminar_postprocessing\opengl\x64\debug\opengl.tlog\link.write.1.tlog
